<?xml version="1.0" encoding="UTF-8"?>
<testsuites name="jest tests" tests="4" failures="0" time="0.894">
  <testsuite name="Input tests" errors="0" failures="0" skipped="0" timestamp="2023-03-18T08:07:23" time="0.643" tests="4">
    <testcase classname="Input tests" name="Dodano poprawnie komponent inputa" time="0.003">
    </testcase>
    <testcase classname="Input tests" name="Dodano parametr potrzebny do przekazania placeholdera (placeholder)" time="0.001">
    </testcase>
    <testcase classname="Input tests" name="Dodano parametr funkcji callback odpalanej na każdej zmianie (onInputChange)" time="0.001">
    </testcase>
    <testcase classname="Input tests" name="Do rodzica przekazywana jest tylko zawartość inputa, a nie cały event" time="0">
    </testcase>
  </testsuite>
</testsuites>